<?xml version="1.0" encoding="UTF-8"?>
<!-- Generated by org.testng.reporters.JUnitReportReporter -->
<testsuite skipped="0" hostname="Syntaxs-MBP.fios-router.home" name="com.hrms.testcases.Login" tests="1" failures="0" timestamp="2021-06-03T20:42:33 EDT" time="2.600" errors="0">
  <testcase name="logoValidation" time="2.600" classname="com.hrms.testcases.Login"/>
  <system-out/>
</testsuite> <!-- com.hrms.testcases.Login -->
